<!DOCTYPE html PUBLIC "-//W3C//DTD XHTML 1.1//EN" "https://www.w3.org/TR/xhtml11/DTD/xhtml11.dtd">
<html xmlns="https://www.w3.org/1999/xhtml">
<head>
<meta charset='utf-8'>
<title>TestNG Report</title>
<style type="text/css">
table {margin-bottom:10px;border-collapse:collapse;empty-cells:show}
td,th {border:1px solid #009;padding:.25em .5em}
.result th {vertical-align:bottom}
.param th {padding-left:1em;padding-right:1em}
.param td {padding-left:.5em;padding-right:2em}
.stripe td,.stripe th {background-color: #E6EBF9}
.numi,.numi_attn {text-align:right}
.total td {font-weight:bold}
.passedodd td {background-color: #0A0}
.passedeven td {background-color: #3F3}
.skippedodd td {background-color: #CCC}
.skippedodd td {background-color: #DDD}
.failedodd td,.numi_attn {background-color: #F33}
.failedeven td,.stripe .numi_attn {background-color: #D00}
.stacktrace {white-space:pre;font-family:monospace}
.totop {font-size:85%;text-align:center;border-bottom:2px solid #000}
</style>
</head>
<body>
<table cellspacing="0" cellpadding="0" class="testOverview">
<tr><th>Test</th><th>Methods<br/>Passed</th><th>Scenarios<br/>Passed</th><th># skipped</th><th># failed</th><th>Total<br/>Time</th><th>Included<br/>Groups</th><th>Excluded<br/>Groups</th></tr>
<tr><td style="text-align:left;padding-right:2em"><a href="#t1">VNCEdgePOMTest</a></td><td class="numi">0</td><td class="numi">0</td><td class="numi_attn">5</td><td class="numi_attn">1</td><td class="numi">19.2 seconds</td><td class="numi"></td><td class="numi"></td></tr>
</table>
<table cellspacing="0" cellpadding="0" class="methodOverview" id="summary">
<tr><th>Class</th><th>Method</th><th># of<br/>Scenarios</th><th>Start</th><th>Time<br/>(ms)</th></tr>
<tr id="t1"><th colspan="5">VNCEdgePOMTest &#8212; failed (configuration methods)</th></tr>
<tr class="failedodd"><td rowspan="6">VNCEdgePOM.com.MainTestCase</td><td><a href="#m1"><b>TearDown</b>  </a></td><td class="numi">1</td><td>1653892069920</td><td class="numi">5</td></tr><tr class="failedodd"><td><a href="#m2"><b>TearDown</b>  </a></td><td class="numi">1</td><td>1653892069920</td><td class="numi">5</td></tr><tr class="failedodd"><td><a href="#m3"><b>TearDown</b>  </a></td><td class="numi">1</td><td>1653892069920</td><td class="numi">5</td></tr><tr class="failedodd"><td><a href="#m4"><b>TearDown</b>  </a></td><td class="numi">1</td><td>1653892069920</td><td class="numi">5</td></tr><tr class="failedodd"><td><a href="#m5"><b>TearDown</b>  </a></td><td class="numi">1</td><td>1653892069920</td><td class="numi">5</td></tr><tr class="failedodd"><td><a href="#m6"><b>TearDown</b>  </a></td><td class="numi">1</td><td>1653892069920</td><td class="numi">5</td></tr>
<tr><th colspan="5">VNCEdgePOMTest &#8212; failed</th></tr>
<tr class="failedodd"><td>VNCEdgePOM.com.MainTestCase</td><td><a href="#m7"><b>ForgotPasswordPageTestCase</b>  </a></td><td class="numi">1</td><td>1653892069907</td><td class="numi">3</td></tr>
<tr><th colspan="5">VNCEdgePOMTest &#8212; skipped (configuration methods)</th></tr>
<tr class="skippedodd"><td rowspan="12">VNCEdgePOM.com.MainTestCase</td><td><a href="#m8"><b>LaunchBrowserApplication</b>  </a></td><td class="numi">5</td><td>1653892069934</td><td class="numi">7</td></tr><tr class="skippedodd"><td><a href="#m9"><b>TearDown</b>  </a></td><td class="numi">5</td><td>1653892069936</td><td class="numi">6</td></tr><tr class="skippedodd"><td><a href="#m10"><b>TearDown</b>  </a></td><td class="numi">5</td><td>1653892069936</td><td class="numi">6</td></tr><tr class="skippedodd"><td><a href="#m11"><b>LaunchBrowserApplication</b>  </a></td><td class="numi">5</td><td>1653892069934</td><td class="numi">7</td></tr><tr class="skippedodd"><td><a href="#m12"><b>LaunchBrowserApplication</b>  </a></td><td class="numi">5</td><td>1653892069934</td><td class="numi">7</td></tr><tr class="skippedodd"><td><a href="#m13"><b>TearDown</b>  </a></td><td class="numi">5</td><td>1653892069936</td><td class="numi">6</td></tr><tr class="skippedodd"><td><a href="#m14"><b>LaunchBrowserApplication</b>  </a></td><td class="numi">5</td><td>1653892069934</td><td class="numi">7</td></tr><tr class="skippedodd"><td><a href="#m15"><b>TearDown</b>  </a></td><td class="numi">5</td><td>1653892069936</td><td class="numi">6</td></tr><tr class="skippedodd"><td><a href="#m16"><b>LaunchBrowserApplication</b>  </a></td><td class="numi">5</td><td>1653892069934</td><td class="numi">7</td></tr><tr class="skippedodd"><td><a href="#m17"><b>LaunchBrowserApplication</b>  </a></td><td class="numi">5</td><td>1653892069934</td><td class="numi">7</td></tr><tr class="skippedodd"><td><a href="#m18"><b>TearDown</b>  </a></td><td class="numi">5</td><td>1653892069936</td><td class="numi">6</td></tr><tr class="skippedodd"><td><a href="#m19"><b>TearDown</b>  </a></td><td class="numi">5</td><td>1653892069936</td><td class="numi">6</td></tr>
<tr><th colspan="5">VNCEdgePOMTest &#8212; skipped</th></tr>
<tr class="skippedodd"><td rowspan="5">VNCEdgePOM.com.MainTestCase</td><td><a href="#m20"><b>EditAccountTestCase</b>  </a></td><td class="numi">1</td><td>1653892069939</td><td class="numi">0</td></tr><tr class="skippedodd"><td><a href="#m21"><b>LoginTestCase</b>  </a></td><td class="numi">1</td><td>1653892069935</td><td class="numi">0</td></tr><tr class="skippedodd"><td><a href="#m22"><b>OpenAccountTestCase</b>  </a></td><td class="numi">1</td><td>1653892069942</td><td class="numi">0</td></tr><tr class="skippedodd"><td><a href="#m23"><b>AddAccountTestCase</b>  </a></td><td class="numi">1</td><td>1653892069938</td><td class="numi">0</td></tr><tr class="skippedodd"><td><a href="#m24"><b>DeleteAccountTestCase</b>  </a></td><td class="numi">1</td><td>1653892069940</td><td class="numi">0</td></tr>
</table>
<h1>VNCEdgePOMTest</h1>
<h2 id="m1">VNCEdgePOM.com.MainTestCase:TearDown</h2>
<div>
<div class="stacktrace">java.lang.NullPointerException: Cannot invoke &quot;org.openqa.selenium.WebDriver.quit()&quot; because &quot;this.driver&quot; is null
	at VNCEdgePOM.com.MainTestCase.TearDown(MainTestCase.java:170)
	at java.base/java.util.ArrayList.forEach(ArrayList.java:1511)
	at com.intellij.rt.testng.IDEARemoteTestNG.run(IDEARemoteTestNG.java:66)
	at com.intellij.rt.testng.RemoteTestNGStarter.main(RemoteTestNGStarter.java:109)
... Removed 27 stack frames</div>
</div>
<p class="totop"><a href="#summary">back to summary</a></p>
<h2 id="m2">VNCEdgePOM.com.MainTestCase:ForgotPasswordPageTestCase</h2>
<div>
<div class="stacktrace">java.lang.NullPointerException: Cannot invoke &quot;org.openqa.selenium.SearchContext.findElement(org.openqa.selenium.By)&quot; because &quot;this.searchContext&quot; is null
	at org.openqa.selenium.support.pagefactory.DefaultElementLocator.findElement(DefaultElementLocator.java:70)
	at org.openqa.selenium.support.pagefactory.internal.LocatingElementHandler.invoke(LocatingElementHandler.java:39)
	at jdk.proxy2/jdk.proxy2.$Proxy10.click(Unknown Source)
	at VNCEdgePOM.com.LoginPage.ForgotPasswordLink(LoginPage.java:75)
	at VNCEdgePOM.com.MainTestCase.ForgotPasswordPageTestCase(MainTestCase.java:55)
	at java.base/java.util.ArrayList.forEach(ArrayList.java:1511)
	at com.intellij.rt.testng.IDEARemoteTestNG.run(IDEARemoteTestNG.java:66)
	at com.intellij.rt.testng.RemoteTestNGStarter.main(RemoteTestNGStarter.java:109)
... Removed 22 stack frames</div>
</div>
<p class="totop"><a href="#summary">back to summary</a></p>
<h2 id="m3">VNCEdgePOM.com.MainTestCase:TearDown</h2>
<p class="totop"><a href="#summary">back to summary</a></p>
<h2 id="m4">VNCEdgePOM.com.MainTestCase:LaunchBrowserApplication</h2>
<p class="totop"><a href="#summary">back to summary</a></p>
<h2 id="m5">VNCEdgePOM.com.MainTestCase:TearDown</h2>
<p class="totop"><a href="#summary">back to summary</a></p>
<h2 id="m6">VNCEdgePOM.com.MainTestCase:LaunchBrowserApplication</h2>
<p class="totop"><a href="#summary">back to summary</a></p>
<h2 id="m7">VNCEdgePOM.com.MainTestCase:LaunchBrowserApplication</h2>
<p class="totop"><a href="#summary">back to summary</a></p>
<h2 id="m8">VNCEdgePOM.com.MainTestCase:TearDown</h2>
<p class="totop"><a href="#summary">back to summary</a></p>
<h2 id="m9">VNCEdgePOM.com.MainTestCase:LaunchBrowserApplication</h2>
<p class="totop"><a href="#summary">back to summary</a></p>
<h2 id="m10">VNCEdgePOM.com.MainTestCase:LaunchBrowserApplication</h2>
<p class="totop"><a href="#summary">back to summary</a></p>
<h2 id="m11">VNCEdgePOM.com.MainTestCase:TearDown</h2>
<p class="totop"><a href="#summary">back to summary</a></p>
<h2 id="m12">VNCEdgePOM.com.MainTestCase:TearDown</h2>
<p class="totop"><a href="#summary">back to summary</a></p>
<h2 id="m13">VNCEdgePOM.com.MainTestCase:AddAccountTestCase</h2>
<div>
<div class="stacktrace">java.lang.NullPointerException: Cannot invoke &quot;org.openqa.selenium.WebDriver.quit()&quot; because &quot;this.driver&quot; is null
	at VNCEdgePOM.com.MainTestCase.TearDown(MainTestCase.java:170)
	at java.base/java.util.ArrayList.forEach(ArrayList.java:1511)
	at com.intellij.rt.testng.IDEARemoteTestNG.run(IDEARemoteTestNG.java:66)
	at com.intellij.rt.testng.RemoteTestNGStarter.main(RemoteTestNGStarter.java:109)
... Removed 27 stack frames</div>
</div>
<p class="totop"><a href="#summary">back to summary</a></p>
<h2 id="m14">VNCEdgePOM.com.MainTestCase:EditAccountTestCase</h2>
<div>
<div class="stacktrace">java.lang.NullPointerException: Cannot invoke &quot;org.openqa.selenium.WebDriver.quit()&quot; because &quot;this.driver&quot; is null
	at VNCEdgePOM.com.MainTestCase.TearDown(MainTestCase.java:170)
	at java.base/java.util.ArrayList.forEach(ArrayList.java:1511)
	at com.intellij.rt.testng.IDEARemoteTestNG.run(IDEARemoteTestNG.java:66)
	at com.intellij.rt.testng.RemoteTestNGStarter.main(RemoteTestNGStarter.java:109)
... Removed 27 stack frames</div>
</div>
<p class="totop"><a href="#summary">back to summary</a></p>
<h2 id="m15">VNCEdgePOM.com.MainTestCase:LoginTestCase</h2>
<div>
<div class="stacktrace">java.lang.NullPointerException: Cannot invoke &quot;org.openqa.selenium.WebDriver.quit()&quot; because &quot;this.driver&quot; is null
	at VNCEdgePOM.com.MainTestCase.TearDown(MainTestCase.java:170)
	at java.base/java.util.ArrayList.forEach(ArrayList.java:1511)
	at com.intellij.rt.testng.IDEARemoteTestNG.run(IDEARemoteTestNG.java:66)
	at com.intellij.rt.testng.RemoteTestNGStarter.main(RemoteTestNGStarter.java:109)
... Removed 27 stack frames</div>
</div>
<p class="totop"><a href="#summary">back to summary</a></p>
<h2 id="m16">VNCEdgePOM.com.MainTestCase:DeleteAccountTestCase</h2>
<div>
<div class="stacktrace">java.lang.NullPointerException: Cannot invoke &quot;org.openqa.selenium.WebDriver.quit()&quot; because &quot;this.driver&quot; is null
	at VNCEdgePOM.com.MainTestCase.TearDown(MainTestCase.java:170)
	at java.base/java.util.ArrayList.forEach(ArrayList.java:1511)
	at com.intellij.rt.testng.IDEARemoteTestNG.run(IDEARemoteTestNG.java:66)
	at com.intellij.rt.testng.RemoteTestNGStarter.main(RemoteTestNGStarter.java:109)
... Removed 27 stack frames</div>
</div>
<p class="totop"><a href="#summary">back to summary</a></p>
<h2 id="m17">VNCEdgePOM.com.MainTestCase:OpenAccountTestCase</h2>
<div>
<div class="stacktrace">java.lang.NullPointerException: Cannot invoke &quot;org.openqa.selenium.WebDriver.quit()&quot; because &quot;this.driver&quot; is null
	at VNCEdgePOM.com.MainTestCase.TearDown(MainTestCase.java:170)
	at java.base/java.util.ArrayList.forEach(ArrayList.java:1511)
	at com.intellij.rt.testng.IDEARemoteTestNG.run(IDEARemoteTestNG.java:66)
	at com.intellij.rt.testng.RemoteTestNGStarter.main(RemoteTestNGStarter.java:109)
... Removed 27 stack frames</div>
</div>
<p class="totop"><a href="#summary">back to summary</a></p>
</body></html>
